0 info it worked if it ends with ok
1 verbose cli [ '/usr/local/bin/node', '/usr/local/bin/npm', 'start' ]
2 info using npm@3.10.6
3 info using node@v4.5.0
4 verbose run-script [ 'prestart', 'start', 'poststart' ]
5 info lifecycle weixin-robot-example@0.0.5~prestart: weixin-robot-example@0.0.5
6 silly lifecycle weixin-robot-example@0.0.5~prestart: no script for prestart, continuing
7 info lifecycle weixin-robot-example@0.0.5~start: weixin-robot-example@0.0.5
8 verbose lifecycle weixin-robot-example@0.0.5~start: unsafe-perm in lifecycle true
9 verbose lifecycle weixin-robot-example@0.0.5~start: PATH: /usr/local/lib/node_modules/npm/bin/node-gyp-bin:/Users/albertxavier/workspace/node_pro/webot-example/node_modules/.bin:/Users/albertxavier/anaconda/bin:/Users/albertxavier/.rvm/gems/ruby-2.3.0/bin:/Users/albertxavier/.rvm/gems/ruby-2.3.0@global/bin:/Users/albertxavier/.rvm/rubies/ruby-2.3.0/bin:/Users/albertxavier/workspace/mongodb/bin:/Users/albertxavier/torch/install/bin:/usr/local/bin:/usr/bin:/bin:/usr/sbin:/sbin:/opt/X11/bin:/Users/albertxavier/.rvm/bin
10 verbose lifecycle weixin-robot-example@0.0.5~start: CWD: /Users/albertxavier/workspace/node_pro/webot-example
11 silly lifecycle weixin-robot-example@0.0.5~start: Args: [ '-c', 'node app.js' ]
12 silly lifecycle weixin-robot-example@0.0.5~start: Returned: code: 1  signal: null
13 info lifecycle weixin-robot-example@0.0.5~start: Failed to exec start script
14 verbose stack Error: weixin-robot-example@0.0.5 start: `node app.js`
14 verbose stack Exit status 1
14 verbose stack     at EventEmitter.<anonymous> (/usr/local/lib/node_modules/npm/lib/utils/lifecycle.js:255:16)
14 verbose stack     at emitTwo (events.js:87:13)
14 verbose stack     at EventEmitter.emit (events.js:172:7)
14 verbose stack     at ChildProcess.<anonymous> (/usr/local/lib/node_modules/npm/lib/utils/spawn.js:40:14)
14 verbose stack     at emitTwo (events.js:87:13)
14 verbose stack     at ChildProcess.emit (events.js:172:7)
14 verbose stack     at maybeClose (internal/child_process.js:829:16)
14 verbose stack     at Process.ChildProcess._handle.onexit (internal/child_process.js:211:5)
15 verbose pkgid weixin-robot-example@0.0.5
16 verbose cwd /Users/albertxavier/workspace/node_pro/webot-example
17 error Darwin 16.0.0
18 error argv "/usr/local/bin/node" "/usr/local/bin/npm" "start"
19 error node v4.5.0
20 error npm  v3.10.6
21 error code ELIFECYCLE
22 error weixin-robot-example@0.0.5 start: `node app.js`
22 error Exit status 1
23 error Failed at the weixin-robot-example@0.0.5 start script 'node app.js'.
23 error Make sure you have the latest version of node.js and npm installed.
23 error If you do, this is most likely a problem with the weixin-robot-example package,
23 error not with npm itself.
23 error Tell the author that this fails on your system:
23 error     node app.js
23 error You can get information on how to open an issue for this project with:
23 error     npm bugs weixin-robot-example
23 error Or if that isn't available, you can get their info via:
23 error     npm owner ls weixin-robot-example
23 error There is likely additional logging output above.
24 verbose exit [ 1, true ]
